<?xml version="1.0" encoding="utf-8"?><testsuites name="pytest tests"><testsuite name="pytest" errors="0" failures="0" skipped="0" tests="34" time="107.667" timestamp="2026-04-23T19:14:54.379252+00:00" hostname="agent-env-df54b04a-3ecb-443a-ae9d-09c63f352314"><testcase classname="backend.tests.test_gh05t3_phase4" name="test_setup_status" time="0.269" /><testcase classname="backend.tests.test_gh05t3_phase4" name="test_embeddings_status" time="0.374" /><testcase classname="backend.tests.test_gh05t3_phase4" name="test_ollama_status" time="0.048" /><testcase classname="backend.tests.test_gh05t3_phase4" name="test_ollama_configure_valid" time="3.079" /><testcase classname="backend.tests.test_gh05t3_phase4" name="test_ollama_configure_garbage" time="0.049" /><testcase classname="backend.tests.test_gh05t3_phase4" name="test_ollama_configure_empty" time="0.149" /><testcase classname="backend.tests.test_gh05t3_phase4" name="test_ollama_pull_unreachable" time="0.077" /><testcase classname="backend.tests.test_gh05t3_phase4" name="test_coder_repos" time="2.108" /><testcase classname="backend.tests.test_gh05t3_phase4" name="test_coder_task_missing_task" time="0.050" /><testcase classname="backend.tests.test_gh05t3_phase4" name="test_coder_task_bad_repo" time="0.076" /><testcase classname="backend.tests.test_gh05t3_phase4" name="test_coder_task_max_iter_clamped" time="0.047" /><testcase classname="backend.tests.test_gh05t3_phase4" name="test_coder_runs_descending" time="0.059" /><testcase classname="backend.tests.test_gh05t3_phase4" name="test_memory_add_and_recent" time="0.115" /><testcase classname="backend.tests.test_gh05t3_phase4" name="test_memory_stats" time="0.051" /><testcase classname="backend.tests.test_gh05t3_phase4" name="test_memory_search_empty_query" time="0.066" /><testcase classname="backend.tests.test_gh05t3_phase4" name="test_memory_search_valid" time="0.112" /><testcase classname="backend.tests.test_gh05t3_phase4" name="test_memory_decay" time="0.067" /><testcase classname="backend.tests.test_gh05t3_phase4" name="test_chat_end_to_end_and_session_persistence" time="15.076" /><testcase classname="backend.tests.test_gh05t3_phase4" name="test_chat_memory_extraction" time="7.580" /><testcase classname="backend.tests.test_gh05t3_phase4" name="test_kairos_cycle_trace" time="15.956" /><testcase classname="backend.tests.test_gh05t3_phase4" name="test_cassandra" time="5.590" /><testcase classname="backend.tests.test_gh05t3_phase4" name="test_state_completeness" time="0.055" /><testcase classname="backend.tests.test_gh05t3_phase4" name="test_seance_and_pcl_tick" time="0.103" /><testcase classname="backend.tests.test_gh05t3_phase4" name="test_ghostscript_demo" time="0.051" /><testcase classname="backend.tests.test_gh05t3_phase4" name="test_stego_encode_decode" time="0.099" /><testcase classname="backend.tests.test_gh05t3_phase4" name="test_telegram_status" time="0.051" /><testcase classname="backend.tests.test_gh05t3_phase4" name="test_scheduler_toggle" time="0.082" /><testcase classname="backend.tests.test_gh05t3_phase4" name="test_training_nightly" time="18.529" /><testcase classname="backend.tests.test_gh05t3_phase4" name="test_strangeloop_probe" time="14.534" /><testcase classname="backend.tests.test_gh05t3_phase4" name="test_ghosteye_recent" time="0.059" /><testcase classname="backend.tests.test_gh05t3_phase4" name="test_journal_recent" time="0.051" /><testcase classname="backend.tests.test_gh05t3_phase4" name="test_summaries_recent" time="0.050" /><testcase classname="backend.tests.test_gh05t3_phase4" name="test_killswitches" time="0.109" /><testcase classname="backend.tests.test_gh05t3_phase4" name="test_ws_state_delta_on_kairos" time="22.779" /></testsuite></testsuites>