<?xml version="1.0" encoding="utf-8"?><testsuites name="pytest tests"><testsuite name="pytest" errors="0" failures="1" skipped="0" tests="9" time="18.746" timestamp="2026-04-20T11:51:30.892239+00:00" hostname="agent-env-df54b04a-3ecb-443a-ae9d-09c63f352314"><testcase classname="backend.tests.test_gh05t3" name="test_state_seed" time="7.254" /><testcase classname="backend.tests.test_gh05t3" name="test_chat_short_id_engine" time="1.945" /><testcase classname="backend.tests.test_gh05t3" name="test_chat_long_ego_engine" time="8.835" /><testcase classname="backend.tests.test_gh05t3" name="test_chat_history" time="0.051" /><testcase classname="backend.tests.test_gh05t3" name="test_kairos_cycle" time="0.143" /><testcase classname="backend.tests.test_gh05t3" name="test_nightly_training" time="0.100"><failure message="assert 500 == 200&#10; +  where 500 = &lt;Response [500]&gt;.status_code">backend/tests/test_gh05t3.py:85: in test_nightly_training
    assert r.status_code == 200
E   assert 500 == 200
E    +  where 500 = &lt;Response [500]&gt;.status_code</failure></testcase><testcase classname="backend.tests.test_gh05t3" name="test_pcl_tick" time="0.092" /><testcase classname="backend.tests.test_gh05t3" name="test_pcl_tick_unknown" time="0.046" /><testcase classname="backend.tests.test_gh05t3" name="test_state_reset" time="0.089" /></testsuite></testsuites>