<?xml version="1.0" encoding="utf-8"?><testsuites name="pytest tests"><testsuite name="pytest" errors="0" failures="0" skipped="0" tests="13" time="30.928" timestamp="2026-04-20T17:14:49.232679+00:00" hostname="agent-env-df54b04a-3ecb-443a-ae9d-09c63f352314"><testcase classname="backend.tests.test_gh05t3_phase2" name="test_state_has_scheduler_and_gateway" time="0.298" /><testcase classname="backend.tests.test_gh05t3_phase2" name="test_hcm_cloud_projection" time="0.071" /><testcase classname="backend.tests.test_gh05t3_phase2" name="test_kairos_real_cycle_and_recent" time="8.102" /><testcase classname="backend.tests.test_gh05t3_phase2" name="test_cassandra_premortem" time="9.904" /><testcase classname="backend.tests.test_gh05t3_phase2" name="test_cassandra_empty_400" time="0.059" /><testcase classname="backend.tests.test_gh05t3_phase2" name="test_stego_roundtrip_hi" time="0.098" /><testcase classname="backend.tests.test_gh05t3_phase2" name="test_ghostscript_demo" time="0.046" /><testcase classname="backend.tests.test_gh05t3_phase2" name="test_ghostscript_malformed" time="0.045" /><testcase classname="backend.tests.test_gh05t3_phase2" name="test_scheduler_toggle" time="0.045" /><testcase classname="backend.tests.test_gh05t3_phase2" name="test_telegram_lifecycle" time="2.262" /><testcase classname="backend.tests.test_gh05t3_phase2" name="test_ws_hello_and_kairos_event" time="9.444" /><testcase classname="backend.tests.test_gh05t3_phase2" name="test_pcl_unknown_state_is_404_no_seance" time="0.174" /><testcase classname="backend.tests.test_gh05t3_phase2" name="test_cassandra_empty_does_not_seance" time="0.179" /></testsuite></testsuites>