<?xml version="1.0" encoding="utf-8"?><testsuites name="pytest tests"><testsuite name="pytest" errors="0" failures="0" skipped="0" tests="11" time="12.762" timestamp="2026-04-23T16:17:34.626008+00:00" hostname="agent-env-df54b04a-3ecb-443a-ae9d-09c63f352314"><testcase classname="backend.tests.test_gh05t3_phase3" name="test_setup_status_shape" time="0.309" /><testcase classname="backend.tests.test_gh05t3_phase3" name="test_embeddings_status_local_minilm" time="0.568" /><testcase classname="backend.tests.test_gh05t3_phase3" name="test_ollama_status_configured_but_unreachable" time="0.057" /><testcase classname="backend.tests.test_gh05t3_phase3" name="test_ollama_configure_fake_url_persists" time="0.192" /><testcase classname="backend.tests.test_gh05t3_phase3" name="test_ollama_pull_unreachable_gateway" time="0.086" /><testcase classname="backend.tests.test_gh05t3_phase3" name="test_coder_repos_returns_whitelist" time="2.111" /><testcase classname="backend.tests.test_gh05t3_phase3" name="test_coder_task_rejects_non_whitelisted" time="0.076" /><testcase classname="backend.tests.test_gh05t3_phase3" name="test_memory_store_uses_local_minilm_and_ranks_semantically" time="1.506" /><testcase classname="backend.tests.test_gh05t3_phase3" name="test_chat_still_works" time="2.805" /><testcase classname="backend.tests.test_gh05t3_phase3" name="test_state_still_200" time="4.904" /><testcase classname="backend.tests.test_gh05t3_phase3" name="test_llm_config_still_200" time="0.059" /></testsuite></testsuites>