<?xml version="1.0" encoding="utf-8"?><testsuites name="pytest tests"><testsuite name="pytest" errors="0" failures="1" skipped="0" tests="15" time="77.016" timestamp="2026-04-23T22:28:19.798287+00:00" hostname="agent-env-df54b04a-3ecb-443a-ae9d-09c63f352314"><testcase classname="tests.test_swarm.TestSwarmState" name="test_state_returns_four_agents_after_reset" time="0.290" /><testcase classname="tests.test_swarm.TestSwarmRun" name="test_run_empty_prompt_400" time="0.142" /><testcase classname="tests.test_swarm.TestSwarmRun" name="test_run_debate_ring_topology" time="17.523" /><testcase classname="tests.test_swarm.TestSwarmRun" name="test_run_code_line_topology_coder_rewarded" time="10.250" /><testcase classname="tests.test_swarm.TestSwarmRun" name="test_run_ethics_star_topology_ethicist_flags" time="7.315" /><testcase classname="tests.test_swarm.TestSwarmRun" name="test_run_memory_hub_topology" time="5.963" /><testcase classname="tests.test_swarm.TestSwarmRun" name="test_offspecialty_neutrality_on_debate" time="14.678" /><testcase classname="tests.test_swarm.TestLedgerAndTasks" name="test_ledger_shape_and_order" time="0.230" /><testcase classname="tests.test_swarm.TestLedgerAndTasks" name="test_tasks_shape" time="0.113" /><testcase classname="tests.test_swarm.TestSwarmReset" name="test_reset_clears_state" time="0.234" /><testcase classname="tests.test_swarm.TestRegression" name="test_state_endpoint" time="0.138" /><testcase classname="tests.test_swarm.TestRegression" name="test_kairos_cycle" time="15.530" /><testcase classname="tests.test_swarm.TestRegression" name="test_cassandra" time="2.613" /><testcase classname="tests.test_swarm.TestRegression" name="test_memory_search" time="0.173" /><testcase classname="tests.test_swarm.TestRegression" name="test_chat" time="1.699"><failure message="assert 'reply' in {'ghost_message': {'content': &quot;Hey Robert. \n\nWhat's on your mind?&quot;, 'engine': 'ID', 'id': '57912377-44f8-48e5-8f0c-18e18a85bd64', 'latency_ms': 1388, ...}, 'session_id': 'swarm-regression', 'user_message': {'content': 'hello', 'engine': 'ID', 'id': 'd19b6a9a-3270-47b4-9a5c-a94920bcc7b0', 'latency_ms': None, ...}}&#10; +  where {'ghost_message': {'content': &quot;Hey Robert. \n\nWhat's on your mind?&quot;, 'engine': 'ID', 'id': '57912377-44f8-48e5-8f0c-18e18a85bd64', 'latency_ms': 1388, ...}, 'session_id': 'swarm-regression', 'user_message': {'content': 'hello', 'engine': 'ID', 'id': 'd19b6a9a-3270-47b4-9a5c-a94920bcc7b0', 'latency_ms': None, ...}} = json()&#10; +    where json = &lt;Response [200]&gt;.json">tests/test_swarm.py:284: in test_chat
    assert "reply" in r.json()
E   assert 'reply' in {'ghost_message': {'content': "Hey Robert. \n\nWhat's on your mind?", 'engine': 'ID', 'id': '57912377-44f8-48e5-8f0c-18e18a85bd64', 'latency_ms': 1388, ...}, 'session_id': 'swarm-regression', 'user_message': {'content': 'hello', 'engine': 'ID', 'id': 'd19b6a9a-3270-47b4-9a5c-a94920bcc7b0', 'latency_ms': None, ...}}
E    +  where {'ghost_message': {'content': "Hey Robert. \n\nWhat's on your mind?", 'engine': 'ID', 'id': '57912377-44f8-48e5-8f0c-18e18a85bd64', 'latency_ms': 1388, ...}, 'session_id': 'swarm-regression', 'user_message': {'content': 'hello', 'engine': 'ID', 'id': 'd19b6a9a-3270-47b4-9a5c-a94920bcc7b0', 'latency_ms': None, ...}} = json()
E    +    where json = &lt;Response [200]&gt;.json</failure></testcase></testsuite></testsuites>